SF:lib/features/task/data/datasources/task_local_datasource.dart
DA:18,1
DA:23,1
DA:25,3
DA:26,3
DA:29,1
DA:31,3
DA:34,1
DA:36,2
DA:39,1
DA:41,2
DA:44,1
DA:46,3
DA:49,1
DA:51,3
DA:54,1
DA:56,2
LF:16
LH:16
end_of_record
SF:lib/features/task/data/models/task_model.dart
DA:18,4
DA:22,3
DA:24,2
DA:25,2
DA:26,2
DA:27,2
DA:28,2
LF:7
LH:7
end_of_record
SF:lib/features/task/data/models/task_model.g.dart
DA:13,0
DA:15,0
DA:16,0
DA:17,0
DA:19,0
DA:20,0
DA:21,0
DA:22,0
DA:26,0
DA:29,0
DA:30,0
DA:31,0
DA:32,0
DA:33,0
DA:34,0
DA:35,0
DA:38,0
DA:39,0
DA:41,0
DA:44,0
DA:45,0
DA:46,0
LF:22
LH:0
end_of_record
SF:lib/features/task/domain/entities/task_entity.dart
DA:8,12
DA:14,1
DA:15,1
DA:16,1
DA:17,1
DA:18,0
DA:22,2
DA:23,2
DA:24,2
DA:25,2
DA:26,2
LF:11
LH:10
end_of_record
SF:lib/features/task/data/repositories/task_repository_impl.dart
DA:9,1
DA:12,1
DA:14,1
DA:15,2
DA:18,1
DA:20,1
DA:21,2
DA:24,1
DA:26,2
DA:29,1
DA:31,2
DA:34,1
DA:36,2
DA:39,1
DA:41,2
DA:44,1
DA:46,4
LF:17
LH:17
end_of_record
SF:lib/features/task/domain/usecases/add_task_to_deleted_box_usecase.dart
DA:7,1
DA:11,1
DA:13,2
LF:3
LH:3
end_of_record
SF:lib/features/task/domain/usecases/update_task_usecase.dart
DA:6,1
DA:10,1
DA:12,2
LF:3
LH:3
end_of_record
SF:lib/features/task/domain/usecases/add_task_usecase.dart
DA:6,1
DA:10,1
DA:12,2
LF:3
LH:3
end_of_record
SF:lib/features/task/domain/usecases/deleted_all_tasks_usecase.dart
DA:5,1
DA:9,1
DA:11,2
LF:3
LH:3
end_of_record
SF:lib/features/task/domain/usecases/deleted_tasks_by_id_usecase.dart
DA:5,1
DA:9,1
DA:11,2
LF:3
LH:3
end_of_record
SF:lib/features/task/domain/usecases/get_all_deleted_box_usecase.dart
DA:6,1
DA:10,1
DA:12,2
LF:3
LH:3
end_of_record
SF:lib/features/task/domain/usecases/get_all_task_usecase.dart
DA:6,1
DA:10,1
DA:12,2
LF:3
LH:3
end_of_record
SF:lib/features/task/presentation/cubit/task_state.dart
DA:5,1
DA:7,0
DA:8,0
DA:18,1
DA:21,1
DA:22,2
DA:28,1
DA:31,1
DA:32,2
DA:38,0
LF:10
LH:7
end_of_record
SF:lib/features/task/presentation/cubit/task_cubit.dart
DA:25,1
DA:33,2
DA:38,0
DA:39,0
DA:41,1
DA:42,1
DA:43,1
DA:46,1
DA:48,2
DA:49,1
DA:51,0
DA:55,1
DA:57,2
DA:58,3
DA:59,1
DA:61,0
DA:65,0
DA:67,0
DA:68,0
DA:69,0
DA:71,0
DA:75,1
DA:77,2
DA:78,1
DA:79,3
DA:81,0
DA:85,1
DA:87,2
DA:88,1
DA:89,2
DA:91,0
DA:95,1
DA:97,2
DA:98,2
DA:99,1
DA:101,0
LF:36
LH:24
end_of_record
